Start testing: Jul 21 09:14 CST
----------------------------------------------------------
1/1 Testing: etu_tests
1/1 Test: etu_tests
Command: "/Users/duidui/Documents/81n's Knowledge base/The knowledge base of Projects/Raw/Project-ETU/src/build/etu_tests"
Directory: /Users/duidui/Documents/81n's Knowledge base/The knowledge base of Projects/Raw/Project-ETU/src/build
"etu_tests" start time: Jul 21 09:14 CST
Output:
----------------------------------------------------------
ETU Unit Tests
==============

Running vec3_construction... PASSED
Running mat4_identity... PASSED
Running error_code... PASSED
Running renderer_backend_string... PASSED
Running initialize_shutdown... PASSED
Running double_initialize... PASSED
Running get_available_backends... PASSED
Running pipeline_builder... PASSED
Running pipeline_process_empty... PASSED
Running pipeline_process_valid... PASSED
Running pipeline_progress_callback... PASSED
Running gpu_context_creation... PASSED

==============
All tests passed!
<end of output>
Test time =   0.78 sec
----------------------------------------------------------
Test Passed.
"etu_tests" end time: Jul 21 09:14 CST
"etu_tests" time elapsed: 00:00:00
----------------------------------------------------------

End testing: Jul 21 09:14 CST
